[    0.000000] Initializing cgroup subsys cpuset
[    0.000000] Initializing cgroup subsys cpu
[    0.000000] Initializing cgroup subsys cpuacct
[    0.000000] Linux version 4.4.0-93-generic (buildd@lgw01-03) (gcc version 5.4.0 20160609 (Ubuntu 5.4.0-6ubuntu1~16.04.4) ) #116-Ubuntu SMP Fri Aug 11 21:17:51 UTC 2017 (Ubuntu 4.4.0-93.116-generic 4.4.79)
[    0.000000] Command line: BOOT_IMAGE=/boot/vmlinuz-4.4.0-93-generic root=LABEL=cloudimg-rootfs ro console=tty1 console=ttyS0
[    0.000000] KERNEL supported cpus:
[    0.000000]   Intel GenuineIntel
[    0.000000]   AMD AuthenticAMD
[    0.000000]   Centaur CentaurHauls
[    0.000000] x86/fpu: xstate_offset[2]:  576, xstate_sizes[2]:  256
[    0.000000] x86/fpu: Supporting XSAVE feature 0x01: 'x87 floating point registers'
[    0.000000] x86/fpu: Supporting XSAVE feature 0x02: 'SSE registers'
[    0.000000] x86/fpu: Supporting XSAVE feature 0x04: 'AVX registers'
[    0.000000] x86/fpu: Enabled xstate features 0x7, context size is 832 bytes, using 'standard' format.
[    0.000000] x86/fpu: Using 'lazy' FPU context switches.
[    0.000000] e820: BIOS-provided physical RAM map:
[    0.000000] BIOS-e820: [mem 0x0000000000000000-0x000000000009fbff] usable
[    0.000000] BIOS-e820: [mem 0x000000000009fc00-0x000000000009ffff] reserved
[    0.000000] BIOS-e820: [mem 0x00000000000f0000-0x00000000000fffff] reserved
[    0.000000] BIOS-e820: [mem 0x0000000000100000-0x000000003ffeffff] usable
[    0.000000] BIOS-e820: [mem 0x000000003fff0000-0x000000003fffffff] ACPI data
[    0.000000] BIOS-e820: [mem 0x00000000fec00000-0x00000000fec00fff] reserved
[    0.000000] BIOS-e820: [mem 0x00000000fee00000-0x00000000fee00fff] reserved
[    0.000000] BIOS-e820: [mem 0x00000000fffc0000-0x00000000ffffffff] reserved
[    0.000000] NX (Execute Disable) protection: active
[    0.000000] SMBIOS 2.5 present.
[    0.000000] Hypervisor detected: KVM
[    0.000000] e820: last_pfn = 0x3fff0 max_arch_pfn = 0x400000000
[    0.000000] MTRR: Disabled
[    0.000000] x86/PAT: MTRRs disabled, skipping PAT initialization too.
[    0.000000] CPU MTRRs all blank - virtualized system.
[    0.000000] x86/PAT: Configuration [0-7]: WB  WT  UC- UC  WB  WT  UC- UC  
[    0.000000] found SMP MP-table at [mem 0x0009fff0-0x0009ffff] mapped at [ffff88000009fff0]
[    0.000000] Scanning 1 areas for low memory corruption
[    0.000000] RAMDISK: [mem 0x36ac4000-0x37559fff]
[    0.000000] ACPI: Early table checksum verification disabled
[    0.000000] ACPI: RSDP 0x00000000000E0000 000024 (v02 VBOX  )
[    0.000000] ACPI: XSDT 0x000000003FFF0030 00003C (v01 VBOX   VBOXXSDT 00000001 ASL  00000061)
[    0.000000] ACPI: FACP 0x000000003FFF00F0 0000F4 (v04 VBOX   VBOXFACP 00000001 ASL  00000061)
[    0.000000] ACPI: DSDT 0x000000003FFF0470 0021C8 (v02 VBOX   VBOXBIOS 00000002 INTL 20100528)
[    0.000000] ACPI: FACS 0x000000003FFF0200 000040
[    0.000000] ACPI: FACS 0x000000003FFF0200 000040
[    0.000000] ACPI: APIC 0x000000003FFF0240 00005C (v02 VBOX   VBOXAPIC 00000001 ASL  00000061)
[    0.000000] ACPI: SSDT 0x000000003FFF02A0 0001CC (v01 VBOX   VBOXCPUT 00000002 INTL 20100528)
[    0.000000] No NUMA configuration found
[    0.000000] Faking a node at [mem 0x0000000000000000-0x000000003ffeffff]
[    0.000000] NODE_DATA(0) allocated [mem 0x3ffeb000-0x3ffeffff]
[    0.000000] kvm-clock: Using msrs 4b564d01 and 4b564d00
[    0.000000] kvm-clock: cpu 0, msr 0:3ffe3001, primary cpu clock
[    0.000000] kvm-clock: using sched offset of 3351398199 cycles
[    0.000000] clocksource: kvm-clock: mask: 0xffffffffffffffff max_cycles: 0x1cd42e4dffb, max_idle_ns: 881590591483 ns
[    0.000000] Zone ranges:
[    0.000000]   DMA      [mem 0x0000000000001000-0x0000000000ffffff]
[    0.000000]   DMA32    [mem 0x0000000001000000-0x000000003ffeffff]
[    0.000000]   Normal   empty
[    0.000000]   Device   empty
[    0.000000] Movable zone start for each node
[    0.000000] Early memory node ranges
[    0.000000]   node   0: [mem 0x0000000000001000-0x000000000009efff]
[    0.000000]   node   0: [mem 0x0000000000100000-0x000000003ffeffff]
[    0.000000] Initmem setup node 0 [mem 0x0000000000001000-0x000000003ffeffff]
[    0.000000] ACPI: PM-Timer IO Port: 0x4008
[    0.000000] IOAPIC[0]: apic_id 2, version 32, address 0xfec00000, GSI 0-23
[    0.000000] ACPI: INT_SRC_OVR (bus 0 bus_irq 0 global_irq 2 dfl dfl)
[    0.000000] ACPI: INT_SRC_OVR (bus 0 bus_irq 9 global_irq 9 high level)
[    0.000000] Using ACPI (MADT) for SMP configuration information
[    0.000000] smpboot: Allowing 2 CPUs, 0 hotplug CPUs
[    0.000000] PM: Registered nosave memory: [mem 0x00000000-0x00000fff]
[    0.000000] PM: Registered nosave memory: [mem 0x0009f000-0x0009ffff]
[    0.000000] PM: Registered nosave memory: [mem 0x000a0000-0x000effff]
[    0.000000] PM: Registered nosave memory: [mem 0x000f0000-0x000fffff]
[    0.000000] e820: [mem 0x40000000-0xfebfffff] available for PCI devices
[    0.000000] Booting paravirtualized kernel on KVM
[    0.000000] clocksource: refined-jiffies: mask: 0xffffffff max_cycles: 0xffffffff, max_idle_ns: 7645519600211568 ns
[    0.000000] setup_percpu: NR_CPUS:512 nr_cpumask_bits:512 nr_cpu_ids:2 nr_node_ids:1
[    0.000000] PERCPU: Embedded 34 pages/cpu @ffff88003fc00000 s98328 r8192 d32744 u1048576
[    0.000000] PV qspinlock hash table entries: 256 (order: 0, 4096 bytes)
[    0.000000] Built 1 zonelists in Node order, mobility grouping on.  Total pages: 257913
[    0.000000] Policy zone: DMA32
[    0.000000] Kernel command line: BOOT_IMAGE=/boot/vmlinuz-4.4.0-93-generic root=LABEL=cloudimg-rootfs ro console=tty1 console=ttyS0
[    0.000000] PID hash table entries: 4096 (order: 3, 32768 bytes)
[    0.000000] Memory: 1001724K/1048120K available (8479K kernel code, 1294K rwdata, 3984K rodata, 1492K init, 1316K bss, 46396K reserved, 0K cma-reserved)
[    0.000000] SLUB: HWalign=64, Order=0-3, MinObjects=0, CPUs=2, Nodes=1
[    0.000000] Hierarchical RCU implementation.
[    0.000000] 	Build-time adjustment of leaf fanout to 64.
[    0.000000] 	RCU restricting CPUs from NR_CPUS=512 to nr_cpu_ids=2.
[    0.000000] RCU: Adjusting geometry for rcu_fanout_leaf=64, nr_cpu_ids=2
[    0.000000] NR_IRQS:33024 nr_irqs:440 16
[    0.000000] Console: colour VGA+ 80x25
[    0.000000] console [tty1] enabled
[    0.000000] console [ttyS0] enabled
[    0.000000] tsc: Detected 1995.381 MHz processor
[   14.865135] Calibrating delay loop (skipped) preset value.. 3990.76 BogoMIPS (lpj=7981524)
[   15.046016] pid_max: default: 32768 minimum: 301
[   15.169259] ACPI: Core revision 20150930
[   15.253924] ACPI: 2 ACPI AML tables successfully acquired and loaded
[   15.397532] Security Framework initialized
[   15.446779] Yama: becoming mindful.
[   15.517306] AppArmor: AppArmor initialized
[   15.622345] Dentry cache hash table entries: 131072 (order: 8, 1048576 bytes)
[   15.803246] Inode-cache hash table entries: 65536 (order: 7, 524288 bytes)
[   15.977646] Mount-cache hash table entries: 2048 (order: 2, 16384 bytes)
[   16.158210] Mountpoint-cache hash table entries: 2048 (order: 2, 16384 bytes)
[   16.311462] Initializing cgroup subsys io
[   16.397228] Initializing cgroup subsys memory
[   16.492225] Initializing cgroup subsys devices
[   16.537836] Initializing cgroup subsys freezer
[   16.600250] Initializing cgroup subsys net_cls
[   16.709118] Initializing cgroup subsys perf_event
[   16.834261] Initializing cgroup subsys net_prio
[   16.957569] Initializing cgroup subsys hugetlb
[   17.052619] Initializing cgroup subsys pids
[   17.150904] CPU: Physical Processor ID: 0
[   17.248157] CPU: Processor Core ID: 0
[   17.335947] mce: CPU supports 0 MCE banks
[   17.433883] Last level iTLB entries: 4KB 1024, 2MB 1024, 4MB 1024
[   17.588085] Last level dTLB entries: 4KB 1024, 2MB 1024, 4MB 1024, 1GB 4
[   17.656494] Freeing SMP alternatives memory: 32K (ffffffff820ba000 - ffffffff820c2000)
[   17.856094] ftrace: allocating 32136 entries in 126 pages
[   18.032804] smpboot: APIC(0) Converting physical 0 to logical package 0
[   18.212398] smpboot: Max logical packages: 1
[   18.321905] x2apic enabled
[   18.404183] Switched APIC routing to physical x2apic.
[   18.550903] ..TIMER: vector=0x30 apic1=0 pin1=2 apic2=-1 pin2=-1
[   18.817628] smpboot: CPU0: Intel(R) Core(TM) i7-4750HQ CPU @ 2.00GHz (family: 0x6, model: 0x46, stepping: 0x1)
[   19.072245] Performance Events: unsupported p6 CPU model 70 no PMU driver, software events only.
[   19.307919] KVM setup paravirtual spinlock
[   19.416859] x86: Booting SMP configuration:
[   19.531325] .... node  #0, CPUs:      #1
[   19.628125] kvm-clock: cpu 1, msr 0:3ffe3041, secondary cpu clock
[   19.795991] mce: CPU supports 0 MCE banks
[   19.820469] x86: Booted up 1 node, 2 CPUs
[   19.845292] smpboot: Total of 2 processors activated (7981.52 BogoMIPS)
[   19.948911] devtmpfs: initialized
[   20.036065] evm: security.selinux
[   20.082740] evm: security.SMACK64
[   20.169776] evm: security.SMACK64EXEC
[   20.272092] evm: security.SMACK64TRANSMUTE
[   20.386104] evm: security.SMACK64MMAP
[   20.472743] evm: security.ima
[   20.549967] evm: security.capability
[   20.652929] clocksource: jiffies: mask: 0xffffffff max_cycles: 0xffffffff, max_idle_ns: 7645041785100000 ns
[   20.904355] futex hash table entries: 512 (order: 3, 32768 bytes)
[   20.943973] pinctrl core: initialized pinctrl subsystem
[   20.965366] RTC time: 20:35:52, date: 09/08/17
[   20.977812] NET: Registered protocol family 16
[   21.115433] cpuidle: using governor ladder
[   21.239362] cpuidle: using governor menu
[   21.359805] PCCT header not found.
[   21.461019] ACPI: bus type PCI registered
[   21.552789] acpiphp: ACPI Hot Plug PCI Controller Driver version: 0.5
[   21.734625] PCI: Using configuration type 1 for base access
[   21.901108] ACPI: Added _OSI(Module Device)
[   22.000238] ACPI: Added _OSI(Processor Device)
[   22.037560] ACPI: Added _OSI(3.0 _SCP Extensions)
[   22.081544] ACPI: Added _OSI(Processor Aggregator Device)
[   22.226635] ACPI: Executed 1 blocks of module-level executable AML code
[   22.409694] ACPI: Interpreter enabled
[   22.500832] ACPI: (supports S0 S5)
[   22.592037] ACPI: Using IOAPIC for interrupt routing
[   22.699098] PCI: Using host bridge windows from ACPI; if necessary, use "pci=nocrs" and report a bug
[   22.942744] ACPI: PCI Root Bridge [PCI0] (domain 0000 [bus 00-ff])
[   23.087585] acpi PNP0A03:00: _OSC: OS supports [ASPM ClockPM Segments MSI]
[   23.163386] acpi PNP0A03:00: _OSC failed (AE_NOT_FOUND); disabling ASPM
[   23.348575] acpi PNP0A03:00: fail to add MMCONFIG information, can't access extended PCI configuration space under this bridge.
[   23.660823] PCI host bridge to bus 0000:00
[   23.760148] pci_bus 0000:00: root bus resource [io  0x0000-0x0cf7 window]
[   23.944412] pci_bus 0000:00: root bus resource [io  0x0d00-0xffff window]
[   24.133815] pci_bus 0000:00: root bus resource [mem 0x000a0000-0x000bffff window]
[   24.236819] pci_bus 0000:00: root bus resource [mem 0x40000000-0xffdfffff window]
[   24.362553] pci_bus 0000:00: root bus resource [bus 00-ff]
[   24.515218] pci 0000:00:01.1: legacy IDE quirk: reg 0x10: [io  0x01f0-0x01f7]
[   24.708738] pci 0000:00:01.1: legacy IDE quirk: reg 0x14: [io  0x03f6]
[   24.891594] pci 0000:00:01.1: legacy IDE quirk: reg 0x18: [io  0x0170-0x0177]
[   25.096249] pci 0000:00:01.1: legacy IDE quirk: reg 0x1c: [io  0x0376]
[   25.279583] pci 0000:00:07.0: quirk: [io  0x4000-0x403f] claimed by PIIX4 ACPI
[   25.339719] pci 0000:00:07.0: quirk: [io  0x4100-0x410f] claimed by PIIX4 SMB
[   25.440909] ACPI: PCI Interrupt Link [LNKA] (IRQs 5 9 10 *11)
[   25.593742] ACPI: PCI Interrupt Link [LNKB] (IRQs 5 9 10 *11)
[   25.735463] ACPI: PCI Interrupt Link [LNKC] (IRQs 5 9 *10 11)
[   25.873341] ACPI: PCI Interrupt Link [LNKD] (IRQs 5 *9 10 11)
[   26.009363] ACPI: Enabled 2 GPEs in block 00 to 07
[   26.133799] vgaarb: setting as boot device: PCI:0000:00:02.0
[   26.289942] vgaarb: device added: PCI:0000:00:02.0,decodes=io+mem,owns=io+mem,locks=none
[   26.440373] vgaarb: loaded
[   26.463979] vgaarb: bridge control possible 0000:00:02.0
[   26.524608] SCSI subsystem initialized
[   26.628449] ACPI: bus type USB registered
[   26.741662] usbcore: registered new interface driver usbfs
[   26.881389] usbcore: registered new interface driver hub
[   27.033641] usbcore: registered new device driver usb
[   27.164454] PCI: Using ACPI for IRQ routing
[   27.265767] NetLabel: Initializing
[   27.350345] NetLabel:  domain hash size = 128
[   27.444916] NetLabel:  protocols = UNLABELED CIPSOv4
[   27.482492] NetLabel:  unlabeled traffic allowed by default
[   27.523938] amd_nb: Cannot enumerate AMD northbridges
[   27.558600] clocksource: Switched to clocksource kvm-clock
[   27.617770] AppArmor: AppArmor Filesystem Enabled
[   27.748761] pnp: PnP ACPI init
[   27.848953] pnp: PnP ACPI: found 3 devices
[   27.981127] clocksource: acpi_pm: mask: 0xffffff max_cycles: 0xffffff, max_idle_ns: 2085701024 ns
[   28.245172] NET: Registered protocol family 2
[   28.380665] TCP established hash table entries: 8192 (order: 4, 65536 bytes)
[   28.602470] TCP bind hash table entries: 8192 (order: 5, 131072 bytes)
[   28.703293] TCP: Hash tables configured (established 8192 bind 8192)
[   28.885938] UDP hash table entries: 512 (order: 2, 16384 bytes)
[   29.054574] UDP-Lite hash table entries: 512 (order: 2, 16384 bytes)
[   29.234348] NET: Registered protocol family 1
[   29.364212] pci 0000:00:00.0: Limiting direct PCI/PCI transfers
[   29.542566] pci 0000:00:01.0: Activating ISA DMA hang workarounds
[   29.726070] Unpacking initramfs...
[   31.423655] Freeing initrd memory: 10840K (ffff880036ac4000 - ffff88003755a000)
[   31.743821] platform rtc_cmos: registered platform RTC device (no PNP device found)
[   31.956783] Scanning for low memory corruption every 60 seconds
[   31.984271] audit: initializing netlink subsys (disabled)
[   32.186165] audit: type=2000 audit(1504902941.198:1): initialized
[   32.433811] Initialise system trusted keyring
[   32.674780] HugeTLB registered 2 MB page size, pre-allocated 0 pages
[   32.976220] tsc: Refined TSC clocksource calibration: 1995.381 MHz
[   33.054479] clocksource: tsc: mask: 0xffffffffffffffff max_cyclss: 0x398645f40a8, max_idle_ns: 881590586805 ns
[   33.056118] zbud: loaded
[   33.056347] VFS: Disk quotas dquot_6.6.0
ÿ[   33.056391] VFS: Dquot-cache hash table entries: 512 (order 0, 4096 bytes)
[   33.056727] squashfs: version 4.0 (2009/01/31) Phillip Lougher
[   33.407879] fuse init (API version 7.23)
[   33.408043] Key type big_key registered
[   33.408065] Allocating IMA MOK and blacklist keyrings.
[   33.408284] Key type asymmetric registered
[   33.408291] Asymmetric key parser 'x509' reiistered
[   33.408328] Block layer SCSI generic (bsg) driver version 0.4 loaded (major 249)
[   33.408358] io scheduler noop registered
[   33.408360] io scheduler deadline registered (default)
[   33.408389] io scheduler cfq registered
[   33.408496] pci_hotplug: PCI Hot Plug PCI Core version: 0.5
[   33.408500] pciehp: PCI Express Hot Plug Controller Driver version: 0.4
[   33.408836] ACPI: AC Adapter [AC] (off-line)
[   33.408892] input: Power Button as /devices/LNXSYSTM:00/LNXPWRBN:00/input/input0
[   33.408894] ACPI: Power Button [PWRF]
[   33.408974] input: Sleep Button as /devices/LNXSYSTM:00/LNXSLPBN:00/input/input1
[   33.408975] ACPI: Sleep Button [SLPF]
[   33.409117] GHES: HEST is not enabled!
[   33.409202] Serial: 8250/16550 driver, 32 ports, IRQ sharing enabled
[   33.559422] 00:02: ttyS0 at I/O 0x3f8 (irq = 4, base_baud = 115200) is a 16550A
[   33.934005] Linux agpgart interface v0.103
[   34.132738] loop: module loaded
[   34.133358] scsi host0: ata_piix
[   34.133424] scsi host1: ata_piix
[   34.133463] ata1: PATA max UDMA/33 cmd 0x1f0 ctl 0x3f6 bmdma 0xd000 irq 14
[   34.133464] ata2: PATA max UDMA/33 cmd 0x170 ctl 0x376 bmdma 0xd008 irq 15
[   34.133554] libphy: Fixed MDIO Bus: probed
[   34.133557] tun: Universal TUN/TAP device driver, 1.6
[   34.133558] tun: (C) 1999-2004 Max Krasnyansky <maxk@qualcomm.com>
[   34.133609] PPP generic driver version 2.4.2
[   34.133663] ehci_hcd: USB 2.0 'Enhanced' Host Controller (EHCI) Driver
[   34.133668] ehci-pci: EHCI PCI platform driver
[   34.133682] ehci-platform: EHCI generic platform driver
[   34.133691] ohci_hcd: USB 1.1 'Open' Host Controller (OHCI) Driver
[   34.133695] ohci-pci: OHCI PCI platform driver
[   34.133706] ohci-platform: OHCI generic platform driver
[   34.133742] uhci_hcd: USB Universal Host Controller Interface driver
[   34.133808] i8042: PNP: PS/2 Controller [PNP0303:PS2K,PNP0f03:PS2M] at 0x60,0664 irq 1,12
[   34.134310] serio: i8042 KBD port at 0x60,0x64 irq 1
[   34.134315] serio: i8042 AUX port at 0x60,0x64 irq 12
[   34.134430] mousedev: PS/2 mouse device common for all mice
[   34.134726] input: AT Translated Set 2 keyboard as /devices/platform/i8042/serio0/input/input2
[   34.135091] rtc_cmos rtc_cmos: rtc core: registered rtc_cmos as rtc0
[   34.135155] rtc_cmos rtc_cmos: alarms up to one day, 114 bytes nvram
[   34.135164] i2c /dev entries driver
[   34.135222] device-mapper: uevent: version 1.0.3
[   34.135309] device-mapper: ioctl: 4.34.0-ioctl (2015-10-28) initialised: dm-devel@redhat.com
[   34.135326] ledtrig-cpu: registered to indicate activity on CPUs
[   34.135612] NET: Registered protocol family 10
[   34.135772] NET: Registered protocol family 17
[   34.135781] Key type dns_resolver registered
[   34.135922] microcode: CPU0 sig=0x40661, pf=0x40, revision=0x0
[   34.145372] microcode: CPU1 sig=0x40661, pf=0x40, revision=0x0
[   34.145438] microcode: Microcode Update Driver: v2.01 <tigran@aivazian.fsnet.co.uk>, Peter Oruba
[   34.145607] registered taskstats version 1
[   34.145622] Loading compiled-in X.509 certificates
[   34.146456] Loaded X.509 cert 'Build time autogenerated kernel key: a6f98c496ad22cf23b77f8fe21ff88c41791cbd4'
[   34.146480] zswap: loaded using pool lzo/zbud
[   34.147669] ACPI: Battery Slot [BAT0] (battery present)
[   34.150199] Key type trusted registered
[   34.152768] Key type encrypted registered
[   34.152773] AppArmor: AppArmor sha1 policy hashing enabled
[   34.152775] ima: No TPM chip found, activating TPM-bypass!
[   34.152793] evm: HMAC attrs: 0x1
[   34.153104]   Magic number: 1:770:598
[   34.168655] rtc_cmos rtc_cmos: setting system clock to 2017-09-08 20:36:05 UTC (1504902965)
[   34.168822] BIOS EDD facility v0.16 2004-Jun-25, 0 devices found
[   34.168823] EDD information not available.
[   45.159396] Freeing unused kernel memory: 1492K (ffffffff81f45000 - ffffffff820ba000)
[   45.351930] Write protecting the kernel read-only data: 14336k
[   45.519892] Freeing unused kernel memory: 1748K (ffff88000184b000 - ffff880001a00000)
[   45.742233] Freeing unused kernel memory: 112K (ffff880001de4000 - ffff880001e00000)
Loading, please wait...
[   45.955391] random: systemd-udevd: uninitialized urandom read (16 bytes read, 4 bits of entropy available)
starting version[   45.955916] random: udevadm: uninitialized urandom read (16 bytes read, 4 bits of entropy available)
 229
[   45.955946] random: udevadm: uninitialized urandom read (16 bytes read, 4 bits of entropy available)
[   45.956060] random: udevadm: uninitialized urandom read (16 bytes read, 4 bits of entropy available)
[   45.956095] random: udevadm: uninitialized urandom read (16 bytes read, 4 bits of entropy available)
[   45.956131] random: udevadm: uninitialized urandom read (16 bytes read, 4 bits of entropy available)
[   45.956165] random: udevadm: uninitialized urandom read (16 bytes read, 4 bits of entropy available)
[   45.956197] random: udevadm: uninitialized urandom read (16 bytes read, 4 bits of entropy available)
[   45.956229] random: udevadm: uninitialized urandom read (16 bytes read, 4 bits of entropy available)
[   45.956262] random: udevadm: uninitialized urandom read (16 bytes read, 4 bits of entropy available)
[   47.961808] e1000: Intel(R) PRO/1000 Network Driver - version 7.3.21-k8-NAPI
[   48.290425] e1000: Copyright (c) 1999-2006 Intel Corporation.
[   48.469762] Fusion MPT base driver 3.04.20
[   48.484016] Copyright (c) 1999-2008 LSI Corporation
[   48.513939] AVX version of gcm_enc/dec engaged.
[   48.614561] AES CTR mode by8 optimization enabled
[   48.760345] Fusion MPT SPI Host driver 3.04.20
[   48.958997] input: ImExPS/2 Generic Explorer Mouse as /devices/platform/i8042/serio1/input/input4
[   48.978763] e1000 0000:00:03.0 eth0: (PCI:33MHz:32-bit) 02:04:e4:df:e4:d8
[   48.978767] e1000 0000:00:03.0 eth0: Intel(R) PRO/1000 Network Connection
[   49.334978] e1000 0000:00:08.0 eth1: (PCI:33MHz:32-bit) 08:00:27:55:f0:a9
[   49.334980] e1000 0000:00:08.0 eth1: Intel(R) PRO/1000 Network Connection
[   49.552114] e1000 0000:00:03.0 enp0s3: renamed from eth0
[   49.552332] mptbase: ioc0: Initiating bringup
[   49.617021] ioc0: LSI53C1030 A0: Capabilities={Initiator}
[   49.805058] scsi host2: ioc0: LSI53C1030 A0, FwRev=00000000h, Ports=1, MaxQ=256, IRQ=20
[   49.929243] scsi 2:0:0:0: Direct-Access     VBOX     HARDDISK         1.0  PQ: 0 ANSI: 5
[   49.929248] scsi target2:0:0: Beginning Domain Validation
[   49.931098] scsi target2:0:0: Domain Validation skipping write tests
[   49.931099] scsi target2:0:0: Ending Domain Validation
[   49.931133] scsi target2:0:0: asynchronous
[   49.931367] scsi 2:0:1:0: Direct-Access     VBOX     HARDDISK         1.0  PQ: 0 ANSI: 5
[   49.931370] scsi target2:0:1: Beginning Domain Validation
[   49.931980] scsi target2:0:1: Domain Validation skipping write tests
[   49.931981] scsi target2:0:1: Ending Domain Validation
[   49.932013] scsi target2:0:1: asynchronous
[   49.940816] sd 2:0:0:0: Attached scsi generic sg0 type 0
[   49.941002] sd 2:0:0:0: [sda] 20971520 512-byte logical blocks: (10.7 GB/10.0 GiB)
[   49.941489] sd 2:0:1:0: [sdb] 20480 512-byte logical blocks: (10.5 MB/10.0 MiB)
[   49.941514] sd 2:0:0:0: [sda] Write Protect is off
[   49.941531] sd 2:0:1:0: Attached scsi generic sg1 type 0
[   49.941771] sd 2:0:0:0: [sda] Incomplete mode parameter data
[   49.941772] sd 2:0:0:0: [sda] Assuming drive cache: write through
[   49.941826] sd 2:0:1:0: [sdb] Write Protect is off
[   49.942111] sd 2:0:1:0: [sdb] Incomplete mode parameter data
[   49.942112] sd 2:0:1:0: [sdb] Assuming drive cache: write through
[   49.943811]  sda: sda1
[   49.944721] sd 2:0:0:0: [sda] Attached SCSI disk
[   49.945129] sd 2:0:1:0: [sdb] Attached SCSI disk
[   52.393067] floppy0: no floppy controllers found
[   55.091220] e1000 0000:00:08.0 enp0s8: renamed from eth1
Begin: Loading e[   56.517141] md: linear personality registered for level -1
ssential drivers[   56.866791] md: multipath personality registered for level -4
 ... [   57.049336] md: raid0 personality registered for level 0
[   57.195576] md: raid1 personality registered for level 1
[   57.347241] raid6: sse2x1   gen()  8924 MB/s
[   57.711294] raid6: sse2x1   xor()  7653 MB/s
[   57.923884] raid6: sse2x2   gen() 11248 MB/s
[   58.031387] raid6: sse2x2   xor()  7702 MB/s
[   58.327224] raid6: sse2x4   gen() 14335 MB/s
[   58.435221] raid6: sse2x4   xor()  8788 MB/s
[   58.723371] raid6: using algorithm sse2x4 gen() 14335 MB/s
[   58.953265] raid6: .... xor() 8788 MB/s, rmw enabled
[   59.173350] raid6: using ssse3x2 recovery algorithm
[   59.384816] xor: automatically using best checksumming function:
[   59.514767]    avx       : 18172.000 MB/sec
[   59.617061] async_tx: api initialized (async)
[   59.872912] md: raid6 personality registered for level 6
[   60.283422] md: raid5 personality registered for level 5
[   60.543478] md: raid4 personality registered for level 4
[   60.580743] md: raid10 personality registered for level 10
done.
Begin: Running /scripts/init-premount ... done.
Begin: Mounting root file system[   60.641728] Btrfs loaded
 ... Begin: Running /scripts/local-top ... done.
Begin: Running /scripts/local-premount ... Scanning for Btrfs filesystems
done.
Warning: fsck not present, so sk[   60.806417] EXT4-fs (sda1): mounted filesystem with ordered data mode. Opts: (null)
ipping root file system
done.
Begin: Running /scripts/local-bottom ... done.
Begin: Running /scripts/init-bottom ... done.
[   61.132534] systemd[1]: systemd 229 running in system mode. (+PAM +AUDIT +SELINUX +IMA +APPARMOR +SMACK +SYSVINIT +UTMP +LIBCRYPTSETUP +GCRYPT +GNUTLS +ACL +XZ -LZ4 +SECCOMP +BLKID +ELFUTILS +KMOD -IDN)
[   61.611586] systemd[1]: Detected virtualization oracle.
[   61.681475] systemd[1]: Detected architecture x86-64.

Welcome to [1mUbuntu 16.04.3 LTS[0m!

[   61.784382] systemd[1]: Set hostname to <ubuntusphinx>.
[   62.067726] systemd[1]: Created slice User and Session Slice.
[[0;32m  OK  [0m] Created slice User and Session Slice.
[   62.275226] systemd[1]: Reached target Swap.
[[0;32m  OK  [0m] Reached target Swap.
[   62.443374] systemd[1]: Listening on udev Control Socket.
[[0;32m  OK  [0m] Listening on udev Control Socket.
[   62.663490] systemd[1]: Listening on Syslog Socket.
[[0;32m  OK  [0m] Listening on Syslog Socket.
[   62.818931] systemd[1]: Listening on /dev/initctl Compatibility Named Pipe.
[[0;32m  OK  [0m] Listening on /dev/initctl Compatibility Named Pipe.
[   63.087204] systemd[1]: Reached target Encrypted Volumes.
[[0;32m  OK  [0m] Reached target Encrypted Volumes.
[   63.287330] systemd[1]: Set up automount Arbitrary Executable File Formats File System Automount Point.
[[0;32m  OK  [0m] Set up automount Arbitrary Executab...ats File System Automount Point.
[   63.631540] systemd[1]: Listening on Journal Audit Socket.
[[0;32m  OK  [0m] Listening on Journal Audit Socket.
[   63.839209] systemd[1]: Listening on LVM2 metadata daemon socket.
[[0;32m  OK  [0m] Listening on LVM2 metadata daemon socket.
[   64.027273] systemd[1]: Listening on udev Kernel Socket.
[[0;32m  OK  [0m] Listening on udev Kernel Socket.
[   64.227323] systemd[1]: Listening on Journal Socket.
[[0;32m  OK  [0m] Listening on Journal Socket.
[   64.386981] systemd[1]: Reached target User and Group Name Lookups.
[[0;32m  OK  [0m] Reached target User and Group Name Lookups.
[   64.603355] systemd[1]: Created slice System Slice.
[[0;32m  OK  [0m] Created slice System Slice.
[   64.766807] systemd[1]: Mounting Huge Pages File System...
         Mounting Huge Pages File System...
[   64.963018] systemd[1]: Starting Remount Root and Kernel File Systems...
[   65.014127] random: nonblocking pool is initialized
         [   65.081389] EXT4-fs (sda1): re-mounted. Opts: (null)
Starting Remount Root and Kernel File Systems...
[   65.283611] systemd[1]: Starting Create list of required static device nodes for the current kernel...
         Starting Create list of required st... nodes for the current kernel...
[   65.627565] systemd[1]: Starting Nameserver information manager...
         Starting Nameserver information manager...
[   65.855468] systemd[1]: Created slice system-serial\x2dgetty.slice.
[[0;32m  OK  [0m] Created slice system-serial\x2dgetty.slice.
[   66.082858] systemd[1]: Mounting POSIX Message Queue File System...
         Mounting POSIX Message Queue File System...
[   66.187296] systemd[1]: Reached target Slices.
[[0;32m  OK  [0m] Reached target Slices.
[   66.351219] systemd[1]: Listening on Device-mapper event daemon FIFOs.
[[0;32m  OK  [0m] Listening on Device-mapper event daemon FIFOs.
[   66.622954] systemd[1]: Starting Monitoring of LVM2 mirrors, snapshots etc. using dmeventd or progress polling...
         Starting Monitoring of LVM2 mirrors... dmeventd or progress polling...
[   66.967156] systemd[1]: Listening on Journal Socket (/dev/log).
[[0;32m  OK  [0m] Listening on Journal Socket (/dev/log).
[   67.194849] systemd[1]: Starting Journal Service...
         Starting Journal Service...
[   67.267210] systemd[1]: Mounting Debug File System...
         Mounting Debug File System...
[   67.451533] systemd[1]: Started Forward Password Requests to Wall Directory Watch.
[[0;32m  OK  [0m] Started Forward Password Requests to Wall Directory Watch.
[   67.767307] systemd[1]: Starting Uncomplicated firewall...
         Starting Uncomplicated firewall...
[   67.975263] systemd[1]: Started Trigger resolvconf update for networkd DNS.
[[0;32m  OK  [0m] Started Trigger resolvconf update for networkd DNS.
[   68.239185] systemd[1]: Starting Load Kernel Modules...
         Starting Load Kernel Modules...[   68.312953] Loading iSCSI transport class v2.0-870.

[   68.445901] systemd[1]: Starting Set console keymap...
         Starting Set con[   68.616245] iscsi: registered transport (tcp)
sole keymap...
[   68.807412] systemd[1]: Listening on LVM2 poll daemon socket.
[[0;32m  OK  [0m] Listening on [   69.043873] iscsi: registered transport (iser)
LVM2 poll daemon socket.
[   69.200017] systemd[1]: Mounted Huge Pages File System.
[[0;32m  OK  [0m] Mounted Huge Pages File System.
[   69.382877] systemd[1]: Mounted POSIX Message Queue File System.
[[0;32m  OK  [0m] Mounted POSIX Message Queue File System.
[   69.571204] systemd[1]: Mounted Debug File System.
[[0;32m  OK  [0m] Mounted Debug File System.
[   69.756904] systemd[1]: Started Journal Service.
[[0;32m  OK  [0m] Started Journal Service.
[[0;32m  OK  [0m] Started Remount Root and Kernel File Systems.
[[0;32m  OK  [0m] Started Create list of required sta...ce nodes for the current kernel.
[[0;32m  OK  [0m] Started Uncomplicated firewall.
[[0;32m  OK  [0m] Started Load Kernel Modules.
[[0;32m  OK  [0m] Started Set console keymap.
[[0;32m  OK  [0m] Started Nameserver information manager.
[[0;32m  OK  [0m] Started LVM2 metadata daemon.
         Mounting FUSE Control File System...
         Starting Apply Kernel Variables...
         Starting Create Static Device Nodes in /dev...
         Starting Load/Save Random Seed...
         Starting Initial cloud-init job (pre-networking)...
         Starting udev Coldplug all Devices...
         Starting Flush Journal to Persistent Storage...
[[0;32m  OK  [0m] Mounted FUSE Control File System.
[[0;32m  OK  [0m] Started Monitoring of LVM2 mirrors,...ng dmeventd or progress polling.
[[0;32m  OK  [0m] Started Apply Kernel Variables.
[[0;32m  OK  [0m] Started Create Static Device Nodes in /dev.
[[0;32m  OK  [0m] Started Load/Save Random Seed.
[[0;32m  OK  [0m] Started udev Coldplug all Devices.
[[0;32m  OK  [0m] Started Flush Journal to Persistent Storage.
         Starting udev Kernel Device Manager...
[[0;32m  OK  [0m] Started udev Kernel Device Manager.
[[0;32m  OK  [0m] Started Dispatch Password Requests to Console Directory Watch.
[[0;32m  OK  [0m] Reached target Local File Systems (Pre).
[[0;32m  OK  [0m] Reached target Local File Systems.
         Starting Create Volatile Files and Directories...
         Starting LSB: AppArmor initialization...
         Starting Set console font and keymap...
         Starting Tell Plymouth To Write Out Runtime Data...
[[0;32m  OK  [0m] Started Create Volatile Files and Directories.
[[0;32m  OK  [0m] Started Tell Plymouth To Write Out Runtime Data.
[   44.718984] cloud-init[460]: Cloud-init v. 0.7.9 running 'init-local' at Fri, 08 Sep 2017 20:36:42 +0000. Up 44.44 seconds.
[[0;32m  OK  [0m] Started Initial cloud-init job (pre-networking).
[[0;32m  OK  [0m] Started Set console font and keymap.
[[0;32m  OK  [0m] Found device /dev/ttyS0.
[[0;32m  OK  [0m] Listening on Load/Save RF Kill Switch Status /dev/rfkill Watch.
[[0;32m  OK  [0m] Created slice system-getty.slice.
[[0;32m  OK  [0m] Reached target Network (Pre).
[[0;32m  OK  [0m] Reached target System Time Synchronized.
         Starting Update UTMP about System Boot/Shutdown...
[[0;32m  OK  [0m] Started LSB: AppArmor initialization.
[[0;32m  OK  [0m] Started ifup for enp0s3.
         Starting Raise network interfaces...
[[0;32m  OK  [0m] Started ifup for enp0s8.
[[0;32m  OK  [0m] Started Update UTMP about System Boot/Shutdown.
[[0;32m  OK  [0m] Started Raise network interfaces.
         Starting Initial cloud-init job (metadata service crawler)...
[[0;32m  OK  [0m] Reached target Network.
[   48.032904] cloud-init[1055]: Cloud-init v. 0.7.9 running 'init' at Fri, 08 Sep 2017 20:36:45 +0000. Up 47.78 seconds.
[   48.100478] cloud-init[1055]: ci-info: ++++++++++++++++++++++++++++++++++++++Net device info++++++++++++++++++++++++++++++++++++++
[   48.168501] cloud-init[1055]: ci-info: +--------+------+-----------------------------+---------------+-------+-------------------+
[[0;32m  OK  [0m] Started Initial cloud-init job (metadata service crawler).
[[0;32m  OK  [0m] Reached target Cloud-config availability.
[[0;32m  OK  [0m] Reached target Network is Online.
[   48.239554] cloud-init[1055]: ci-info: | Device |  Up  |           Address           |      Mask     | Scope |     Hw-Address    |
[   48.419792]          cloud-initStarting iSCSI initiator daemon (iscsid)...[1055]: 
ci-info: +--------+------+-----------------------------+---------------+-------+-------------------+
[   48.524970] [cloud-init[0;32m  OK  [0m[1055]: ] ci-info: |   lo   | True |          127.0.0.1          |   255.0.0.0   |   .   |         .         |Reached target System Initialization.

[[0;32m  OK  [0m] Listening on ACPID Listen Socket.
[[0;32m  OK  [0m] Listening on UUID daemon activation socket.
[   48.525323] cloud-init[1055]: ci-info: |   lo   | True |           ::1/128           |       .       |  host |         .         |
[   48.698605]          Starting Socket activation for snappy daemon.
[[0;32m  OK  [0m] Listening on D-Bus System Message Bus Socket.
[[0;32m  OK  [0m] Started Daily Cleanup of Temporary Directories.
cloud-init[1055]: ci-info: | enp0s8 | True |          10.0.0.10          | 255.255.255.0 |   .   | 08:00:27:55:f0:a9 |
[   48.796537] [cloud-init[0;32m  OK  [0m[1055]: ] ci-info: | enp0s8 | True | fe80::a00:27ff:fe55:f0a9/64 |       .       |  link | 08:00:27:55:f0:a9 |Started ACPI Events Check.

[   48.884499] [[0;32m  OK  [0m] Reached target Paths.
cloud-init[1055]: ci-info: | enp0s3 | True |          10.0.2.15          | 255.255.255.0 |   .   | 02:04:e4:df:e4:d8 |
[   48.974590] cloud-init[1055]: ci-info: | enp0s3 | True |  fe80::4:e4ff:fedf:e4d8/64  |       .       |  link | 02:04:e4:df:e4:d8 |
         Starting LXD - unix socket.
[   48.975248] cloud-init[1055]: ci-info: +--------+------+-----------------------------+---------------+-------+-------------------+
[   49.128368] [cloud-init[0;32m  OK  [0m[1055]: ] ci-info: +++++++++++++++++++++++++++Route IPv4 info++++++++++++++++++++++++++++Started Timer to automatically refresh installed snaps.

[[0;32m  OK  [0m] Started Timer to automatically fetch and run repair assertions.
[[0;32m  OK  [0m] Started Daily apt download activities.
[   49.128914] cloud-init[1055]: ci-info: +-------+-------------+----------+---------------+-----------+-------+
[   49.356331] [cloud-init[0;32m  OK  [0m[1055]: ] ci-info: | Route | Destination | Gateway  |    Genmask    | Interface | Flags |Started Daily apt upgrade and clean activities.

[[0;32m  OK  [0m] Reached target Timers.
[   49.356876] cloud-init[1055]: ci-info: +-------+-------------+----------+---------------+-----------+-------+
[   49.500383] [cloud-init[0;32m  OK  [0m[1055]: ] ci-info: |   0   |   0.0.0.0   | 10.0.2.2 |    0.0.0.0    |   enp0s3  |   UG  |Listening on Socket activation for snappy daemon.

[   49.612382] [cloud-init[0;32m  OK  [0m[1055]: ] ci-info: |   1   |   10.0.0.0  | 0.0.0.0  | 255.255.255.0 |   enp0s8  |   U   |Listening on LXD - unix socket.

[   49.704380] [cloud-init[0;32m  OK  [0m[1055]: ] ci-info: |   2   |   10.0.2.0  | 0.0.0.0  | 255.255.255.0 |   enp0s3  |   U   |Started iSCSI initiator daemon (iscsid).

[   49.704794] cloud-init[1055]: ci-info: +-------+-------------+----------+---------------+-----------+-------+
         Starting Login to default iSCSI targets...
[[0;32m  OK  [0m] Reached target Sockets.
[[0;32m  OK  [0m] Reached target Basic System.
[[0;32m  OK  [0m] Started Deferred execution scheduler.
[[0;32m  OK  [0m] Started ACPI event daemon.
         Starting LSB: Record successful boot for GRUB...
         Starting OpenBSD Secure Shell server...
         Starting MySQL Community Server...
         Starting Login Service...
         Starting Apply the settings specified in cloud-config...
         Starting LXD - container startup/shutdown...
         Starting /etc/rc.local Compatibility...
[[0;32m  OK  [0m] Started Regular background program processing daemon.
[[0;32m  OK  [0m] Started FUSE filesystem for LXC.
[[0;32m  OK  [0m] Started Unattended Upgrades Shutdown.
         Starting System Logging Service...
         Starting LSB: MD monitoring daemon...
         Starting Accounts Service...
[[0;32m  OK  [0m] Started D-Bus System Message Bus.
         Starting Snappy daemon...
[[0;32m  OK  [0m] Started OpenBSD Secure Shell server.
[[0;32m  OK  [0m] Started System Logging Service.
[   50.623016] cloud-init[1137]: Cloud-init v. 0.7.9 running 'modules:config' at Fri, 08 Sep 2017 20:36:48 +0000. Up 50.49 seconds.
[[0;32m  OK  [0m] Started Apply the settings specified in cloud-config.
[[0;32m  OK  [0m] Started LXD - container startup/shutdown.
[[0;32m  OK  [0m] Started /etc/rc.local Compatibility.
[[0;32m  OK  [0m] Started Snappy daemon.
[[0;32m  OK  [0m] Started Login to default iSCSI targets.
[[0;32m  OK  [0m] Started LSB: Record successful boot for GRUB.
[[0;32m  OK  [0m] Started LSB: MD monitoring daemon.
[[0;32m  OK  [0m] Started Login Service.
         Starting Authenticate and Authorize Users to Run Privileged Tasks...
[[0;32m  OK  [0m] Reached target Remote File Systems (Pre).
[[0;32m  OK  [0m] Reached target Remote File Systems.
         Starting Permit User Sessions...
         Starting LSB: Set the CPU Frequency Scaling governor to "ondemand"...
         Starting LSB: Fast standalone full-text SQL search engine...
         Starting LSB: VirtualBox Linux Additions...
         Starting LSB: automatic crash report generation...
         Starting LSB: daemon to balance interrupts for SMP systems...
         Starting Auto import assertions from block devices...
[[0;32m  OK  [0m] Started Permit User Sessions.
[[0;32m  OK  [0m] Started Auto import assertions from block devices.
[[0;32m  OK  [0m] Started MySQL Community Server.
[[0;32m  OK  [0m] Started Authenticate and Authorize Users to Run Privileged Tasks.
[[0;32m  OK  [0m] Started Accounts Service.
[[0;32m  OK  [0m] Started LSB: Set the CPU Frequency Scaling governor to "ondemand".
[[0;32m  OK  [0m] Created slice User Slice of ubuntu.
[[0;32m  OK  [0m] Started Session 1 of user ubuntu.
         Starting User Manager for UID 1000...
         Starting Hold until boot process finishes up...
         Starting Terminate Plymouth Boot Screen...
[[0;32m  OK  [0m] Started User Manager for UID 1000.
[[0;32m  OK  [0m] Started LSB: Fast standalone full-text SQL search engine.
[[0;32m  OK  [0m] Started LSB: VirtualBox Linux Additions.
[[0;32m  OK  [0m] Started LSB: automatic crash report generation.
[[0;32m  OK  [0m] Started LSB: daemon to balance interrupts for SMP systems.
[[0;32m  OK  [0m] Started Hold until boot process finishes up.
[[0;32m  OK  [0m] Started Terminate Plymouth Boot Screen.
[[0;32m  OK  [0m] Started Serial Getty on ttyS0.
         Starting Set console scheme...
[[0;32m  OK  [0m] Started Getty on tty1.
[[0;32m  OK  [0m] Reached target Login Prompts.
[[0;32m  OK  [0m] Reached target Multi-User System.
         Starting Execute cloud user/final scripts...
[[0;32m  OK  [0m] Reached target Graphical Interface.
         Starting Update UTMP about System Runlevel Changes...
[[0;32m  OK  [0m] Started Set console scheme.
[[0;32m  OK  [0m] Started Update UTMP about System Runlevel Changes.
[   53.146307] cloud-init[1370]: Cloud-init v. 0.7.9 running 'modules:final' at Fri, 08 Sep 2017 20:36:51 +0000. Up 53.04 seconds.
[   53.252766] cloud-init[1370]: Cloud-init v. 0.7.9 finished at Fri, 08 Sep 2017 20:36:51 +0000. Datasource DataSourceNoCloud [seed=/dev/sdb][dsmode=net].  Up 53.13 seconds
[[0;32m  OK  [0m] Started Execute cloud user/final scripts.
[[0;32m  OK  [0m] Reached target Cloud-init target.

Ubuntu 16.04.3 LTS ubuntusphinx ttyS0

ubuntusphinx login: 